<?xml version="1.0" encoding="UTF-8"?>
<testng-results ignored="0" total="6" passed="6" failed="0" skipped="0">
  <reporter-output>
  </reporter-output>
  <suite started-at="2020-12-13T22:17:47Z" name="testSuite" finished-at="2020-12-13T22:17:48Z" duration-ms="485">
    <groups>
    </groups>
    <test started-at="2020-12-13T22:17:47Z" name="testSuite" finished-at="2020-12-13T22:17:48Z" duration-ms="485">
      <class name="ForTest">
        <test-method signature="groupTestOne()[pri:0, instance:ForTest@3aacf32a]" started-at="2020-12-13T22:17:47Z" name="groupTestOne" finished-at="2020-12-13T22:17:48Z" duration-ms="294" status="PASS">
          <reporter-output>
          </reporter-output>
        </test-method> <!-- groupTestOne -->
        <test-method signature="groupTestThree()[pri:0, instance:ForTest@3aacf32a]" started-at="2020-12-13T22:17:48Z" name="groupTestThree" finished-at="2020-12-13T22:17:48Z" duration-ms="2" status="PASS">
          <reporter-output>
          </reporter-output>
        </test-method> <!-- groupTestThree -->
        <test-method signature="groupTestTwo()[pri:0, instance:ForTest@3aacf32a]" started-at="2020-12-13T22:17:48Z" name="groupTestTwo" finished-at="2020-12-13T22:17:48Z" duration-ms="2" status="PASS">
          <reporter-output>
          </reporter-output>
        </test-method> <!-- groupTestTwo -->
      </class> <!-- ForTest -->
      <class name="ForTest2">
        <test-method signature="groupTestOne()[pri:0, instance:ForTest2@4fdfa676]" started-at="2020-12-13T22:17:47Z" name="groupTestOne" finished-at="2020-12-13T22:17:48Z" duration-ms="294" status="PASS">
          <reporter-output>
          </reporter-output>
        </test-method> <!-- groupTestOne -->
        <test-method signature="groupTestThree()[pri:0, instance:ForTest2@4fdfa676]" started-at="2020-12-13T22:17:48Z" name="groupTestThree" finished-at="2020-12-13T22:17:48Z" duration-ms="3" status="PASS">
          <reporter-output>
          </reporter-output>
        </test-method> <!-- groupTestThree -->
        <test-method signature="groupTestTwo()[pri:0, instance:ForTest2@4fdfa676]" started-at="2020-12-13T22:17:48Z" name="groupTestTwo" finished-at="2020-12-13T22:17:48Z" duration-ms="2" status="PASS">
          <reporter-output>
          </reporter-output>
        </test-method> <!-- groupTestTwo -->
      </class> <!-- ForTest2 -->
    </test> <!-- testSuite -->
  </suite> <!-- testSuite -->
</testng-results>
