<?xml version="1.0" encoding="UTF-8"?>
<testsuite xmlns:xsi="http://www.w3.org/2001/XMLSchema-instance" xsi:noNamespaceSchemaLocation="https://maven.apache.org/surefire/maven-surefire-plugin/xsd/surefire-test-report.xsd" name="TestSuite" time="1.572" tests="6" errors="0" skipped="0" failures="0">
  <properties>
[...]
</properties>
  <testcase name="groupTestOne" classname="ForTest2" time="0.294"/>
  <testcase name="groupTestOne" classname="ForTest" time="0.295"/>
  <testcase name="groupTestThree" classname="ForTest" time="0.002"/>
  <testcase name="groupTestThree" classname="ForTest2" time="0.003"/>
  <testcase name="groupTestTwo" classname="ForTest2" time="0"/>
  <testcase name="groupTestTwo" classname="ForTest" time="0.001"/>
</testsuite>