<?xml version="1.0" encoding="UTF-8"?>
<testng-results ignored="0" total="6" passed="6" failed="0" skipped="0">
  <reporter-output>
  </reporter-output>
  <suite started-at="2020-11-24T16:29:13Z" name="testSuite" finished-at="2020-11-24T16:29:13Z" duration-ms="45">
    <groups>
    </groups>
    <test started-at="2020-11-24T16:29:13Z" name="testSuite" finished-at="2020-11-24T16:29:13Z" duration-ms="45">
      <class name="ForTest">
        <test-method signature="groupTestOne()[pri:0, instance:ForTest@7181ae3f]" started-at="2020-11-24T16:29:13Z" name="groupTestOne" finished-at="2020-11-24T16:29:13Z" duration-ms="16" status="PASS">
          <reporter-output>
          </reporter-output>
        </test-method> <!-- groupTestOne -->
        <test-method signature="groupTestThree()[pri:0, instance:ForTest@7181ae3f]" started-at="2020-11-24T16:29:13Z" name="groupTestThree" finished-at="2020-11-24T16:29:13Z" duration-ms="1" status="PASS">
          <reporter-output>
          </reporter-output>
        </test-method> <!-- groupTestThree -->
        <test-method signature="groupTestTwo()[pri:0, instance:ForTest@7181ae3f]" started-at="2020-11-24T16:29:13Z" name="groupTestTwo" finished-at="2020-11-24T16:29:13Z" duration-ms="0" status="PASS">
          <reporter-output>
          </reporter-output>
        </test-method> <!-- groupTestTwo -->
      </class> <!-- ForTest -->
      <class name="ForTest2">
        <test-method signature="groupTestOne()[pri:0, instance:ForTest2@46238e3f]" started-at="2020-11-24T16:29:13Z" name="groupTestOne" finished-at="2020-11-24T16:29:13Z" duration-ms="17" status="PASS">
          <reporter-output>
          </reporter-output>
        </test-method> <!-- groupTestOne -->
        <test-method signature="groupTestThree()[pri:0, instance:ForTest2@46238e3f]" started-at="2020-11-24T16:29:13Z" name="groupTestThree" finished-at="2020-11-24T16:29:13Z" duration-ms="0" status="PASS">
          <reporter-output>
          </reporter-output>
        </test-method> <!-- groupTestThree -->
        <test-method signature="groupTestTwo()[pri:0, instance:ForTest2@46238e3f]" started-at="2020-11-24T16:29:13Z" name="groupTestTwo" finished-at="2020-11-24T16:29:13Z" duration-ms="0" status="PASS">
          <reporter-output>
          </reporter-output>
        </test-method> <!-- groupTestTwo -->
      </class> <!-- ForTest2 -->
    </test> <!-- testSuite -->
  </suite> <!-- testSuite -->
</testng-results>
