<?xml version="1.0" encoding="UTF-8"?>
<!-- Generated by org.testng.reporters.JUnitXMLReporter -->
<testsuite ignored="0" hostname="MacBook-Pro.local" failures="0" tests="6" name="testSuite" time="0.485" errors="0" timestamp="13 дек. 2020 22:17:48 GMT">
  <testcase classname="ForTest2" name="groupTestOne" time="0.294"/>
  <testcase classname="ForTest" name="groupTestOne" time="0.294"/>
  <testcase classname="ForTest" name="groupTestThree" time="0.002"/>
  <testcase classname="ForTest2" name="groupTestThree" time="0.003"/>
  <testcase classname="ForTest2" name="groupTestTwo" time="0.002"/>
  <testcase classname="ForTest" name="groupTestTwo" time="0.002"/>
</testsuite> <!-- testSuite -->
