<?xml version="1.0" encoding="UTF-8"?>
<!-- Generated by org.testng.reporters.JUnitXMLReporter -->
<testsuite ignored="0" hostname="MacBook-Pro.local" failures="0" tests="6" name="testSuite" time="0.045" errors="0" timestamp="24 нояб. 2020 16:29:13 GMT">
  <testcase classname="ForTest2" name="groupTestOne" time="0.017"/>
  <testcase classname="ForTest" name="groupTestOne" time="0.016"/>
  <testcase classname="ForTest2" name="groupTestThree" time="0.0"/>
  <testcase classname="ForTest" name="groupTestThree" time="0.001"/>
  <testcase classname="ForTest" name="groupTestTwo" time="0.0"/>
  <testcase classname="ForTest2" name="groupTestTwo" time="0.0"/>
</testsuite> <!-- testSuite -->
